Using pre-set license
Built from '2020.3/staging' branch; Version is '2020.3.20f1 (41c4e627c95f) revision 4310246'; Using compiler version '192528614'; Build Type 'Release'
OS: 'Windows 10 Enterprise; OS build 19044.1387; Version 2009; 64bit' Language: 'es' Physical Memory: 6020 MB
BatchMode: 1, IsHumanControllingUs: 0, StartBugReporterOnCrash: 0, Is64bit: 1, IsPro: 0

COMMAND LINE ARGUMENTS:
C:\Program Files\Unity\Hub\Editor\2020.3.20f1\Editor\Unity.exe
-adb2
-batchMode
-noUpm
-name
AssetImportWorker5
-projectPath
C:/Users/alan_/Documents/Ingeneria/Dinosaurio
-logFile
Logs/AssetImportWorker5.log
-srvPort
59012
Successfully changed project path to: C:/Users/alan_/Documents/Ingeneria/Dinosaurio
C:/Users/alan_/Documents/Ingeneria/Dinosaurio
Using Asset Import Pipeline V2.
Refreshing native plugins compatible for Editor in 173.42 ms, found 3 plugins.
Preloading 0 native plugins for Editor in 0.00 ms.
Initialize engine version: 2020.3.20f1 (41c4e627c95f)
[Subsystems] Discovering subsystems at path C:/Program Files/Unity/Hub/Editor/2020.3.20f1/Editor/Data/Resources/UnitySubsystems
[Subsystems] Discovering subsystems at path C:/Users/alan_/Documents/Ingeneria/Dinosaurio/Assets
GfxDevice: creating device client; threaded=0
Direct3D:
    Version:  Direct3D 11.0 [level 11.1]
    Renderer: AMD Radeon(TM) Vega 3 Graphics (ID=0x15d8)
    Vendor:   
    VRAM:     3010 MB
    Driver:   27.20.1028.1
Initialize mono
Mono path[0] = 'C:/Program Files/Unity/Hub/Editor/2020.3.20f1/Editor/Data/Managed'
Mono path[1] = 'C:/Program Files/Unity/Hub/Editor/2020.3.20f1/Editor/Data/MonoBleedingEdge/lib/mono/unityjit'
Mono config path = 'C:/Program Files/Unity/Hub/Editor/2020.3.20f1/Editor/Data/MonoBleedingEdge/etc'
Using monoOptions --debugger-agent=transport=dt_socket,embedding=1,server=y,suspend=n,address=127.0.0.1:56520
Begin MonoManager ReloadAssembly
Registering precompiled unity dll's ...
Register platform support module: C:/Program Files/Unity/Hub/Editor/2020.3.20f1/Editor/Data/PlaybackEngines/WindowsStandaloneSupport/UnityEditor.WindowsStandalone.Extensions.dll
Registered in 0.006771 seconds.
Native extension for WindowsStandalone target not found
Refreshing native plugins compatible for Editor in 145.89 ms, found 3 plugins.
Preloading 0 native plugins for Editor in 0.00 ms.
Mono: successfully reloaded assembly
- Completed reload, in  3.971 seconds
Domain Reload Profiling:
	ReloadAssembly (3972ms)
		BeginReloadAssembly (189ms)
			ExecutionOrderSort (0ms)
			DisableScriptedObjects (0ms)
			BackupInstance (0ms)
			ReleaseScriptingObjects (0ms)
			CreateAndSetChildDomain (2ms)
		EndReloadAssembly (1617ms)
			LoadAssemblies (184ms)
			RebuildTransferFunctionScriptingTraits (0ms)
			SetupTypeCache (613ms)
			ReleaseScriptCaches (0ms)
			RebuildScriptCaches (111ms)
			SetupLoadedEditorAssemblies (559ms)
				LogAssemblyErrors (0ms)
				InitializePlatformSupportModulesInManaged (18ms)
				SetLoadedEditorAssemblies (1ms)
				RefreshPlugins (146ms)
				BeforeProcessingInitializeOnLoad (26ms)
				ProcessInitializeOnLoadAttributes (263ms)
				ProcessInitializeOnLoadMethodAttributes (105ms)
				AfterProcessingInitializeOnLoad (0ms)
				EditorAssembliesLoaded (1ms)
			ExecutionOrderSort2 (0ms)
			AwakeInstancesAfterBackupRestoration (0ms)
Platform modules already initialized, skipping
Registering precompiled user dll's ...
Registered in 0.012814 seconds.
Begin MonoManager ReloadAssembly
Native extension for WindowsStandalone target not found
Refreshing native plugins compatible for Editor in 130.07 ms, found 3 plugins.
Preloading 0 native plugins for Editor in 0.00 ms.
Mono: successfully reloaded assembly
- Completed reload, in  8.473 seconds
Domain Reload Profiling:
	ReloadAssembly (8477ms)
		BeginReloadAssembly (553ms)
			ExecutionOrderSort (0ms)
			DisableScriptedObjects (17ms)
			BackupInstance (0ms)
			ReleaseScriptingObjects (0ms)
			CreateAndSetChildDomain (83ms)
		EndReloadAssembly (7623ms)
			LoadAssemblies (4558ms)
			RebuildTransferFunctionScriptingTraits (0ms)
			SetupTypeCache (1078ms)
			ReleaseScriptCaches (3ms)
			RebuildScriptCaches (183ms)
			SetupLoadedEditorAssemblies (1374ms)
				LogAssemblyErrors (0ms)
				InitializePlatformSupportModulesInManaged (12ms)
				SetLoadedEditorAssemblies (1ms)
				RefreshPlugins (130ms)
				BeforeProcessingInitializeOnLoad (206ms)
				ProcessInitializeOnLoadAttributes (924ms)
				ProcessInitializeOnLoadMethodAttributes (77ms)
				AfterProcessingInitializeOnLoad (23ms)
				EditorAssembliesLoaded (1ms)
			ExecutionOrderSort2 (0ms)
			AwakeInstancesAfterBackupRestoration (25ms)
Platform modules already initialized, skipping
========================================================================
Worker process is ready to serve import requests
Launched and connected shader compiler UnityShaderCompiler.exe after 0.72 seconds
Refreshing native plugins compatible for Editor in 2.04 ms, found 3 plugins.
Preloading 0 native plugins for Editor in 0.00 ms.
Unloading 2096 Unused Serialized files (Serialized files now loaded: 0)
System memory in use before: 93.2 MB.
System memory in use after: 93.3 MB.

Unloading 26 unused Assets to reduce memory usage. Loaded Objects now: 2535.
Total: 12.651200 ms (FindLiveObjects: 0.836600 ms CreateObjectMapping: 0.267800 ms MarkObjects: 11.252600 ms  DeleteObjects: 0.290600 ms)

AssetImportParameters requested are different than current active one (requested -> active):
  custom:framework-win-MediaFoundation: 216162199b28c13a410421893ffa2e32 -> 
  custom:video-decoder-ogg-theora: a1e56fd34408186e4bbccfd4996cb3dc -> 
  custom:container-muxer-webm: aa71ff27fc2769a1b78a27578f13a17b -> 
  custom:container-demuxer-webm: 4f35f7cbe854078d1ac9338744f61a02 -> 
  custom:container-demuxer-ogg: 62fdf1f143b41e24485cea50d1cbac27 -> 
  custom:video-encoder-webm-vp8: eb34c28f22e8b96e1ab97ce403110664 -> 
  custom:video-codec-MediaFoundation-h265: 746d11721c4dcdbdad8f713fa42b33f4 -> 
  custom:video-decoder-webm-vp8: 9c59270c3fd7afecdb556c50c9e8de78 -> 
  custom:audio-decoder-ogg-vorbis: bf7c407c2cedff20999df2af8eb42d56 -> 
  custom:audio-encoder-webm-vorbis: bf7c407c2cedff20999df2af8eb42d56 -> 
========================================================================
Received Import Request.
  path: Assets/Scenes/Menu.unity
  artifactKey: Guid(011c7b058183e76489d21fcda09cb675) Importer(815301076,1909f56bfc062723c751e8b465ee728b)
Start importing Assets/Scenes/Menu.unity using Guid(011c7b058183e76489d21fcda09cb675) Importer(815301076,1909f56bfc062723c751e8b465ee728b)  -> (artifact id: 'f300a8dfc61b2d947f3447aad8870dda') in 0.123488 seconds 
  Import took 0.138398 seconds .

========================================================================
Received Import Request.
  Time since last request: 309.813300 seconds.
  path: Assets/Fondos
  artifactKey: Guid(8dc6566adcd0ffa4dab9604f5a358194) Importer(815301076,1909f56bfc062723c751e8b465ee728b)
Start importing Assets/Fondos using Guid(8dc6566adcd0ffa4dab9604f5a358194) Importer(815301076,1909f56bfc062723c751e8b465ee728b)  -> (artifact id: 'b539ed8b3b99e81962d3d2258b6bfdaa') in 0.028610 seconds 
  Import took 0.039429 seconds .

========================================================================
Received Import Request.
  Time since last request: 539.234917 seconds.
  path: Assets/Fondos/fondo.png
  artifactKey: Guid(3956bd62f5fd48e4d9d83e2ac95577f7) Importer(815301076,1909f56bfc062723c751e8b465ee728b)
Start importing Assets/Fondos/fondo.png using Guid(3956bd62f5fd48e4d9d83e2ac95577f7) Importer(815301076,1909f56bfc062723c751e8b465ee728b)  -> (artifact id: '5f248a486d79ed027e7c5f57c798b2f2') in 0.804334 seconds 
  Import took 0.822581 seconds .

========================================================================
Received Import Request.
  Time since last request: 81.227861 seconds.
  path: Assets/Menu
  artifactKey: Guid(3aa408c2b4c35e14d8140aaf375dd6d7) Importer(815301076,1909f56bfc062723c751e8b465ee728b)
Start importing Assets/Menu using Guid(3aa408c2b4c35e14d8140aaf375dd6d7) Importer(815301076,1909f56bfc062723c751e8b465ee728b)  -> (artifact id: '0ae89c8affe56eb889c1fa25a98bb8ce') in 0.024321 seconds 
  Import took 0.041358 seconds .

========================================================================
Received Import Request.
  Time since last request: 126.409830 seconds.
  path: Assets/Menu/fondoMenu.png
  artifactKey: Guid(3956bd62f5fd48e4d9d83e2ac95577f7) Importer(815301076,1909f56bfc062723c751e8b465ee728b)
Start importing Assets/Menu/fondoMenu.png using Guid(3956bd62f5fd48e4d9d83e2ac95577f7) Importer(815301076,1909f56bfc062723c751e8b465ee728b)  -> (artifact id: 'a8cdb2f9bd4106879e2e3663d53120d9') in 0.054128 seconds 
  Import took 0.089085 seconds .

========================================================================
Received Import Request.
  Time since last request: 148.775742 seconds.
  path: Assets/Menu/FondoLejosMenu.png
  artifactKey: Guid(7c0357218d7f01843a8fa0f035c6ec34) Importer(815301076,1909f56bfc062723c751e8b465ee728b)
Start importing Assets/Menu/FondoLejosMenu.png using Guid(7c0357218d7f01843a8fa0f035c6ec34) Importer(815301076,1909f56bfc062723c751e8b465ee728b)  -> (artifact id: 'e8e7ea69af2b44fcaec4b9c00c0c250d') in 0.223067 seconds 
  Import took 0.237073 seconds .

========================================================================
Received Import Request.
  Time since last request: 192.862026 seconds.
  path: Assets/Menu/VolX.png
  artifactKey: Guid(4430265a280cd9f459a91a3629542629) Importer(815301076,1909f56bfc062723c751e8b465ee728b)
Start importing Assets/Menu/VolX.png using Guid(4430265a280cd9f459a91a3629542629) Importer(815301076,1909f56bfc062723c751e8b465ee728b)  -> (artifact id: '47cafbad82289ad0c377e81603316b9c') in 0.372359 seconds 
  Import took 0.907107 seconds .

========================================================================
Received Import Request.
  Time since last request: 50.201280 seconds.
  path: Assets/Menu/Titulo.png
  artifactKey: Guid(d9a068216e037884ea0a83e0668209ae) Importer(815301076,1909f56bfc062723c751e8b465ee728b)
Start importing Assets/Menu/Titulo.png using Guid(d9a068216e037884ea0a83e0668209ae) Importer(815301076,1909f56bfc062723c751e8b465ee728b)  -> (artifact id: '27e5860572c4eab04f3f6ba533329bc2') in 0.051297 seconds 
  Import took 0.065960 seconds .

========================================================================
Received Import Request.
  Time since last request: 71.946389 seconds.
  path: Assets/Menu/Comenzar_On.png
  artifactKey: Guid(b152328c06aadb54d9bb50a9356394ce) Importer(815301076,1909f56bfc062723c751e8b465ee728b)
Start importing Assets/Menu/Comenzar_On.png using Guid(b152328c06aadb54d9bb50a9356394ce) Importer(815301076,1909f56bfc062723c751e8b465ee728b)  -> (artifact id: 'b57130e180d91361ca307bf2d73f49a2') in 0.052771 seconds 
  Import took 0.064797 seconds .

========================================================================
Received Import Request.
  Time since last request: 47.717255 seconds.
  path: Assets/Menu/Opciones_Off.png
  artifactKey: Guid(578a6ddc148d71643884a63054843e2c) Importer(815301076,1909f56bfc062723c751e8b465ee728b)
Start importing Assets/Menu/Opciones_Off.png using Guid(578a6ddc148d71643884a63054843e2c) Importer(815301076,1909f56bfc062723c751e8b465ee728b)  -> (artifact id: 'd3ad9baa2df86b0e6b847d502c7ce366') in 0.049748 seconds 
  Import took 0.059068 seconds .

========================================================================
Received Import Request.
  Time since last request: 20.253640 seconds.
  path: Assets/Menu/Salir_On.png
  artifactKey: Guid(91e91095f54fc1e4a9ce60418ab15e3f) Importer(815301076,1909f56bfc062723c751e8b465ee728b)
Start importing Assets/Menu/Salir_On.png using Guid(91e91095f54fc1e4a9ce60418ab15e3f) Importer(815301076,1909f56bfc062723c751e8b465ee728b)  -> (artifact id: '6d2f28bb11961e4b2cc0564dc29b7472') in 0.055759 seconds 
  Import took 0.068810 seconds .

========================================================================
Received Import Request.
  Time since last request: 97.276500 seconds.
  path: Assets/Menu/Musica_on.png
  artifactKey: Guid(6a3980d87db740f4298e1138fa530c04) Importer(815301076,1909f56bfc062723c751e8b465ee728b)
Start importing Assets/Menu/Musica_on.png using Guid(6a3980d87db740f4298e1138fa530c04) Importer(815301076,1909f56bfc062723c751e8b465ee728b)  -> (artifact id: '9ada968e046621a93b73a2c3b815f9d3') in 0.050711 seconds 
  Import took 0.060179 seconds .

========================================================================
Received Import Request.
  Time since last request: 21.798143 seconds.
  path: Assets/Menu/MenuController.cs
  artifactKey: Guid(e4ecc1b1f528f754b8a609e41ce14983) Importer(815301076,1909f56bfc062723c751e8b465ee728b)
Start importing Assets/Menu/MenuController.cs using Guid(e4ecc1b1f528f754b8a609e41ce14983) Importer(815301076,1909f56bfc062723c751e8b465ee728b)  -> (artifact id: 'a27cb9d41e046d17fc7622753e6e1e3c') in 0.249567 seconds 
  Import took 0.260024 seconds .

========================================================================
Received Prepare
Registering precompiled user dll's ...
Registered in 3.601647 seconds.
Begin MonoManager ReloadAssembly
Native extension for WindowsStandalone target not found
Refreshing native plugins compatible for Editor in 0.99 ms, found 3 plugins.
Preloading 0 native plugins for Editor in 0.00 ms.
Mono: successfully reloaded assembly
- Completed reload, in 18.168 seconds
Domain Reload Profiling:
	ReloadAssembly (18251ms)
		BeginReloadAssembly (6793ms)
			ExecutionOrderSort (0ms)
			DisableScriptedObjects (1907ms)
			BackupInstance (0ms)
			ReleaseScriptingObjects (0ms)
			CreateAndSetChildDomain (1483ms)
		EndReloadAssembly (11253ms)
			LoadAssemblies (4394ms)
			RebuildTransferFunctionScriptingTraits (0ms)
			SetupTypeCache (4436ms)
			ReleaseScriptCaches (12ms)
			RebuildScriptCaches (190ms)
			SetupLoadedEditorAssemblies (2211ms)
				LogAssemblyErrors (0ms)
				InitializePlatformSupportModulesInManaged (28ms)
				SetLoadedEditorAssemblies (5ms)
				RefreshPlugins (1ms)
				BeforeProcessingInitializeOnLoad (207ms)
				ProcessInitializeOnLoadAttributes (1747ms)
				ProcessInitializeOnLoadMethodAttributes (37ms)
				AfterProcessingInitializeOnLoad (185ms)
				EditorAssembliesLoaded (0ms)
			ExecutionOrderSort2 (0ms)
			AwakeInstancesAfterBackupRestoration (128ms)
Platform modules already initialized, skipping
Refreshing native plugins compatible for Editor in 1.21 ms, found 3 plugins.
Preloading 0 native plugins for Editor in 0.00 ms.
Unloading 2087 Unused Serialized files (Serialized files now loaded: 0)
System memory in use before: 95.6 MB.
System memory in use after: 95.7 MB.

Unloading 14 unused Assets to reduce memory usage. Loaded Objects now: 2557.
Total: 198.741100 ms (FindLiveObjects: 24.485800 ms CreateObjectMapping: 0.327200 ms MarkObjects: 173.739600 ms  DeleteObjects: 0.122300 ms)

AssetImportParameters requested are different than current active one (requested -> active):
  custom:framework-win-MediaFoundation: 216162199b28c13a410421893ffa2e32 -> 
  custom:video-decoder-ogg-theora: a1e56fd34408186e4bbccfd4996cb3dc -> 
  custom:container-muxer-webm: aa71ff27fc2769a1b78a27578f13a17b -> 
  custom:container-demuxer-webm: 4f35f7cbe854078d1ac9338744f61a02 -> 
  custom:container-demuxer-ogg: 62fdf1f143b41e24485cea50d1cbac27 -> 
  custom:video-encoder-webm-vp8: eb34c28f22e8b96e1ab97ce403110664 -> 
  custom:video-codec-MediaFoundation-h265: 746d11721c4dcdbdad8f713fa42b33f4 -> 
  custom:video-decoder-webm-vp8: 9c59270c3fd7afecdb556c50c9e8de78 -> 
  custom:audio-decoder-ogg-vorbis: bf7c407c2cedff20999df2af8eb42d56 -> 
  custom:audio-encoder-webm-vorbis: bf7c407c2cedff20999df2af8eb42d56 -> 
========================================================================
Received Import Request.
  Time since last request: 2870.488894 seconds.
  path: Assets/Menu/MenuController.cs
  artifactKey: Guid(e4ecc1b1f528f754b8a609e41ce14983) Importer(815301076,1909f56bfc062723c751e8b465ee728b)
Start importing Assets/Menu/MenuController.cs using Guid(e4ecc1b1f528f754b8a609e41ce14983) Importer(815301076,1909f56bfc062723c751e8b465ee728b)  -> (artifact id: '00000000000000000000000000000000') in 0.003923 seconds  code(4) message(Build asset version error: assets/menu/menucontroller.cs in SourceAssetDB has modification time of '2021-12-02T02:44:25.1357205Z' while content on disk has modification time of '2021-12-02T02:59:19.3833492Z')
  ERROR: Build asset version error: assets/menu/menucontroller.cs in SourceAssetDB has modification time of '2021-12-02T02:44:25.1357205Z' while content on disk has modification time of '2021-12-02T02:59:19.3833492Z'
  Import took 0.012146 seconds .

========================================================================
Received Import Request.
  Time since last request: 50.278672 seconds.
  path: Assets/Menu/MenuController.cs
  artifactKey: Guid(e4ecc1b1f528f754b8a609e41ce14983) Importer(815301076,1909f56bfc062723c751e8b465ee728b)
Start importing Assets/Menu/MenuController.cs using Guid(e4ecc1b1f528f754b8a609e41ce14983) Importer(815301076,1909f56bfc062723c751e8b465ee728b)  -> (artifact id: '374398e45d755b04bf43ee6ea012a36a') in 0.061608 seconds 
  Import took 0.131897 seconds .

========================================================================
Received Import Request.
  Time since last request: 894.930173 seconds.
  path: Assets/Menu/Menu.wav
  artifactKey: Guid(680072f7b9430fc4fb90e0ddf8e161db) Importer(815301076,1909f56bfc062723c751e8b465ee728b)
Start importing Assets/Menu/Menu.wav using Guid(680072f7b9430fc4fb90e0ddf8e161db) Importer(815301076,1909f56bfc062723c751e8b465ee728b)  -> (artifact id: 'bb94a52508c41622f9520070bed3dd45') in 9.532751 seconds 
  Import took 9.560052 seconds .

========================================================================
Received Prepare
Registering precompiled user dll's ...
Registered in 0.334858 seconds.
Begin MonoManager ReloadAssembly
Native extension for WindowsStandalone target not found
Refreshing native plugins compatible for Editor in 0.69 ms, found 3 plugins.
Preloading 0 native plugins for Editor in 0.00 ms.
Mono: successfully reloaded assembly
- Completed reload, in 15.137 seconds
Domain Reload Profiling:
	ReloadAssembly (15244ms)
		BeginReloadAssembly (3673ms)
			ExecutionOrderSort (25ms)
			DisableScriptedObjects (800ms)
			BackupInstance (0ms)
			ReleaseScriptingObjects (0ms)
			CreateAndSetChildDomain (1621ms)
		EndReloadAssembly (10800ms)
			LoadAssemblies (6335ms)
			RebuildTransferFunctionScriptingTraits (167ms)
			SetupTypeCache (2652ms)
			ReleaseScriptCaches (54ms)
			RebuildScriptCaches (119ms)
			SetupLoadedEditorAssemblies (1102ms)
				LogAssemblyErrors (0ms)
				InitializePlatformSupportModulesInManaged (22ms)
				SetLoadedEditorAssemblies (1ms)
				RefreshPlugins (1ms)
				BeforeProcessingInitializeOnLoad (116ms)
				ProcessInitializeOnLoadAttributes (930ms)
				ProcessInitializeOnLoadMethodAttributes (12ms)
				AfterProcessingInitializeOnLoad (20ms)
				EditorAssembliesLoaded (0ms)
			ExecutionOrderSort2 (0ms)
			AwakeInstancesAfterBackupRestoration (16ms)
Platform modules already initialized, skipping
Refreshing native plugins compatible for Editor in 0.84 ms, found 3 plugins.
Preloading 0 native plugins for Editor in 0.00 ms.
Unloading 2087 Unused Serialized files (Serialized files now loaded: 0)
System memory in use before: 95.7 MB.
System memory in use after: 95.8 MB.

Unloading 14 unused Assets to reduce memory usage. Loaded Objects now: 2567.
Total: 503.971900 ms (FindLiveObjects: 0.850500 ms CreateObjectMapping: 0.274500 ms MarkObjects: 465.531000 ms  DeleteObjects: 37.303400 ms)

AssetImportParameters requested are different than current active one (requested -> active):
  custom:framework-win-MediaFoundation: 216162199b28c13a410421893ffa2e32 -> 
  custom:video-decoder-ogg-theora: a1e56fd34408186e4bbccfd4996cb3dc -> 
  custom:container-muxer-webm: aa71ff27fc2769a1b78a27578f13a17b -> 
  custom:container-demuxer-webm: 4f35f7cbe854078d1ac9338744f61a02 -> 
  custom:container-demuxer-ogg: 62fdf1f143b41e24485cea50d1cbac27 -> 
  custom:video-encoder-webm-vp8: eb34c28f22e8b96e1ab97ce403110664 -> 
  custom:video-codec-MediaFoundation-h265: 746d11721c4dcdbdad8f713fa42b33f4 -> 
  custom:video-decoder-webm-vp8: 9c59270c3fd7afecdb556c50c9e8de78 -> 
  custom:audio-decoder-ogg-vorbis: bf7c407c2cedff20999df2af8eb42d56 -> 
  custom:audio-encoder-webm-vorbis: bf7c407c2cedff20999df2af8eb42d56 -> 
========================================================================
Received Import Request.
  Time since last request: 1279.559064 seconds.
  path: Assets/Menu/MenuController.cs
  artifactKey: Guid(e4ecc1b1f528f754b8a609e41ce14983) Importer(815301076,1909f56bfc062723c751e8b465ee728b)
Start importing Assets/Menu/MenuController.cs using Guid(e4ecc1b1f528f754b8a609e41ce14983) Importer(815301076,1909f56bfc062723c751e8b465ee728b)  -> (artifact id: '6e8080637000122913d7178d3d4542bb') in 0.268331 seconds 
  Import took 0.379027 seconds .

========================================================================
Received Import Request.
  Time since last request: 0.000563 seconds.
  path: Assets/Menu/tecla.wav
  artifactKey: Guid(5f9062046e7858f4a8bd30ef3d9e1614) Importer(815301076,1909f56bfc062723c751e8b465ee728b)
Start importing Assets/Menu/tecla.wav using Guid(5f9062046e7858f4a8bd30ef3d9e1614) Importer(815301076,1909f56bfc062723c751e8b465ee728b)  -> (artifact id: '0e39e17f8933e570973932189886eeb0') in 1.449761 seconds 
  Import took 1.694026 seconds .

========================================================================
Received Import Request.
  Time since last request: 140.842050 seconds.
  path: Assets/TilePalette/Tierra.prefab
  artifactKey: Guid(e5f6dcf9d16d2ed468480ce2557d75f9) Importer(815301076,1909f56bfc062723c751e8b465ee728b)
Start importing Assets/TilePalette/Tierra.prefab using Guid(e5f6dcf9d16d2ed468480ce2557d75f9) Importer(815301076,1909f56bfc062723c751e8b465ee728b)  -> (artifact id: '3b6248daefa943b528a414e23238dc85') in 3.596212 seconds 
  Import took 3.660234 seconds .

========================================================================
Received Prepare
Registering precompiled user dll's ...
Registered in 0.052654 seconds.
Begin MonoManager ReloadAssembly
Native extension for WindowsStandalone target not found
Refreshing native plugins compatible for Editor in 0.60 ms, found 3 plugins.
Preloading 0 native plugins for Editor in 0.00 ms.
Mono: successfully reloaded assembly
- Completed reload, in  2.645 seconds
Domain Reload Profiling:
	ReloadAssembly (2645ms)
		BeginReloadAssembly (215ms)
			ExecutionOrderSort (0ms)
			DisableScriptedObjects (10ms)
			BackupInstance (0ms)
			ReleaseScriptingObjects (0ms)
			CreateAndSetChildDomain (50ms)
		EndReloadAssembly (2237ms)
			LoadAssemblies (180ms)
			RebuildTransferFunctionScriptingTraits (0ms)
			SetupTypeCache (833ms)
			ReleaseScriptCaches (2ms)
			RebuildScriptCaches (108ms)
			SetupLoadedEditorAssemblies (768ms)
				LogAssemblyErrors (0ms)
				InitializePlatformSupportModulesInManaged (7ms)
				SetLoadedEditorAssemblies (1ms)
				RefreshPlugins (1ms)
				BeforeProcessingInitializeOnLoad (157ms)
				ProcessInitializeOnLoadAttributes (578ms)
				ProcessInitializeOnLoadMethodAttributes (12ms)
				AfterProcessingInitializeOnLoad (12ms)
				EditorAssembliesLoaded (0ms)
			ExecutionOrderSort2 (0ms)
			AwakeInstancesAfterBackupRestoration (20ms)
Platform modules already initialized, skipping
Refreshing native plugins compatible for Editor in 0.81 ms, found 3 plugins.
Preloading 0 native plugins for Editor in 0.00 ms.
Unloading 2087 Unused Serialized files (Serialized files now loaded: 0)
System memory in use before: 95.8 MB.
System memory in use after: 95.9 MB.

Unloading 14 unused Assets to reduce memory usage. Loaded Objects now: 2571.
Total: 4.588500 ms (FindLiveObjects: 0.361300 ms CreateObjectMapping: 0.102300 ms MarkObjects: 4.075600 ms  DeleteObjects: 0.047200 ms)

AssetImportParameters requested are different than current active one (requested -> active):
  custom:framework-win-MediaFoundation: 216162199b28c13a410421893ffa2e32 -> 
  custom:video-decoder-ogg-theora: a1e56fd34408186e4bbccfd4996cb3dc -> 
  custom:container-muxer-webm: aa71ff27fc2769a1b78a27578f13a17b -> 
  custom:container-demuxer-webm: 4f35f7cbe854078d1ac9338744f61a02 -> 
  custom:container-demuxer-ogg: 62fdf1f143b41e24485cea50d1cbac27 -> 
  custom:video-encoder-webm-vp8: eb34c28f22e8b96e1ab97ce403110664 -> 
  custom:video-codec-MediaFoundation-h265: 746d11721c4dcdbdad8f713fa42b33f4 -> 
  custom:video-decoder-webm-vp8: 9c59270c3fd7afecdb556c50c9e8de78 -> 
  custom:audio-decoder-ogg-vorbis: bf7c407c2cedff20999df2af8eb42d56 -> 
  custom:audio-encoder-webm-vorbis: bf7c407c2cedff20999df2af8eb42d56 -> 
========================================================================
Received Import Request.
  Time since last request: 512.090166 seconds.
  path: Packages/com.unity.2d.spriteshape/Editor/ObjectMenuCreation/DefaultAssets/Sprite Shapes/Closed Sprite Shape.prefab
  artifactKey: Guid(c0583b4e855c74b8c82e7b9b5efb5ce9) Importer(815301076,1909f56bfc062723c751e8b465ee728b)
Start importing Packages/com.unity.2d.spriteshape/Editor/ObjectMenuCreation/DefaultAssets/Sprite Shapes/Closed Sprite Shape.prefab using Guid(c0583b4e855c74b8c82e7b9b5efb5ce9) Importer(815301076,1909f56bfc062723c751e8b465ee728b)  -> (artifact id: 'c5c845828cede3f25819031102be01e1') in 0.536758 seconds 
  Import took 0.568767 seconds .

========================================================================
Received Import Request.
  Time since last request: 0.000355 seconds.
  path: Packages/com.unity.2d.spriteshape/Editor/ObjectMenuCreation/DefaultAssets/Sprite Shapes/Open Sprite Shape.prefab
  artifactKey: Guid(86ae7de409eb54f619fb1328e4d42480) Importer(815301076,1909f56bfc062723c751e8b465ee728b)
Start importing Packages/com.unity.2d.spriteshape/Editor/ObjectMenuCreation/DefaultAssets/Sprite Shapes/Open Sprite Shape.prefab using Guid(86ae7de409eb54f619fb1328e4d42480) Importer(815301076,1909f56bfc062723c751e8b465ee728b)  -> (artifact id: '1cd094d74455b6e3ebbdb90683f10d20') in 0.087361 seconds 
  Import took 0.122978 seconds .

========================================================================
Received Import Request.
  Time since last request: 41.913568 seconds.
  path: Assets/Scenes/SampleScene.unity
  artifactKey: Guid(2cda990e2423bbf4892e6590ba056729) Importer(815301076,1909f56bfc062723c751e8b465ee728b)
Start importing Assets/Scenes/SampleScene.unity using Guid(2cda990e2423bbf4892e6590ba056729) Importer(815301076,1909f56bfc062723c751e8b465ee728b)  -> (artifact id: 'b3bb02a2c2bfd88c0b0608501187f257') in 0.017641 seconds 
  Import took 0.063081 seconds .

========================================================================
Received Import Request.
  Time since last request: 447.719911 seconds.
  path: Assets/Scenes
  artifactKey: Guid(5064ae03c6eca4a418191daa15c52c24) Importer(815301076,1909f56bfc062723c751e8b465ee728b)
Start importing Assets/Scenes using Guid(5064ae03c6eca4a418191daa15c52c24) Importer(815301076,1909f56bfc062723c751e8b465ee728b)  -> (artifact id: '9707ed5e80927755056d75c4e20f9b40') in 0.015504 seconds 
  Import took 0.081733 seconds .

